{"name": "Тест создания курьера без обязательных полей", "status": "failed", "statusDetails": {"message": "AssertionError: assert 201 == 400\n +  where 201 = <Response [201]>.status_code", "trace": "self = <test_create_courier.TestCourierCreation object at 0x104839f70>\nregister_new_courier = <function register_new_courier.<locals>._register_new_courier at 0x104894b80>\ngenerate_random_string = <function generate_random_string.<locals>._generate_random_string at 0x104894900>, password = 'password3', first_name = None\nmissing_field = 'имя'\n\n    @allure.title('Тест создания курьера без обязательных полей')\n    @allure.description('Тест проверяет, что отсутствие одного из обязательных полей возвращает ошибку 400')\n    @pytest.mark.parametrize(\n        \"password, first_name, missing_field\",\n        [\n            (\"password1\", \"Dana\", \"логин\"),\n            (None, \"Dana\", \"пароль\"),\n            (\"password3\", None, \"имя\"),\n        ]\n    )\n    def test_create_courier_without_required_fields(self, register_new_courier, generate_random_string, password,\n                                                    first_name, missing_field):\n        login = generate_random_string()\n    \n        response = register_new_courier(login=login, password=password, first_name=first_name)\n>       assert response.status_code == 400\nE       assert 201 == 400\nE        +  where 201 = <Response [201]>.status_code\n\ntests/test_create_courier.py:38: AssertionError"}, "description": "Тест проверяет, что отсутствие одного из обязательных полей возвращает ошибку 400", "parameters": [{"name": "password", "value": "'password3'"}, {"name": "first_name", "value": "None"}, {"name": "missing_field", "value": "'имя'"}], "start": 1728130616499, "stop": 1728130616845, "uuid": "86f3a4ca-9de5-41fc-adb3-c6b8a4659ba8", "historyId": "49b2cbc08d2c0b7ba246f1e0fc0a7e5c", "testCaseId": "30ac07eecda90e54fe4b1993164a7323", "fullName": "tests.test_create_courier.TestCourierCreation#test_create_courier_without_required_fields", "labels": [{"name": "parentSuite", "value": "tests"}, {"name": "suite", "value": "test_create_courier"}, {"name": "subSuite", "value": "TestCourierCreation"}, {"name": "host", "value": "MacBook-Air-Jobanyj.local"}, {"name": "thread", "value": "5354-MainThread"}, {"name": "framework", "value": "pytest"}, {"name": "language", "value": "cpython3"}, {"name": "package", "value": "tests.test_create_courier"}]}